Copyright 1986-2017 Xilinx, Inc. All Rights Reserved.
----------------------------------------------------------------------------------------------------
| Tool Version : Vivado v.2017.2 (lin64) Build 1909853 Thu Jun 15 18:39:10 MDT 2017
| Date         : Wed Apr 10 10:57:29 2019
| Host         : 500235e510a4 running 64-bit Ubuntu 16.04.6 LTS
| Command      : report_clock_utilization -file mitx_petalinux_wrapper_clock_utilization_routed.rpt
| Design       : mitx_petalinux_wrapper
| Device       : 7z100-ffg900
| Speed File   : -1  PRODUCTION 1.11 2014-09-11
----------------------------------------------------------------------------------------------------

Clock Utilization Report

Table of Contents
-----------------
1. Clock Primitive Utilization
2. Global Clock Resources
3. Global Clock Source Details
4. Clock Regions: Key Resource Utilization
5. Clock Regions : Global Clock Summary
6. Device Cell Placement Summary for Global Clock g0
7. Device Cell Placement Summary for Global Clock g1
8. Device Cell Placement Summary for Global Clock g2
9. Device Cell Placement Summary for Global Clock g3
10. Device Cell Placement Summary for Global Clock g4
11. Clock Region Cell Placement per Global Clock: Region X1Y4
12. Clock Region Cell Placement per Global Clock: Region X0Y5
13. Clock Region Cell Placement per Global Clock: Region X1Y5
14. Clock Region Cell Placement per Global Clock: Region X0Y6
15. Clock Region Cell Placement per Global Clock: Region X1Y6

1. Clock Primitive Utilization
------------------------------

+----------+------+-----------+-----+--------------+--------+
| Type     | Used | Available | LOC | Clock Region | Pblock |
+----------+------+-----------+-----+--------------+--------+
| BUFGCTRL |    5 |        32 |   0 |            0 |      0 |
| BUFH     |    0 |       168 |   0 |            0 |      0 |
| BUFIO    |    0 |        32 |   0 |            0 |      0 |
| BUFMR    |    0 |        16 |   0 |            0 |      0 |
| BUFR     |    0 |        32 |   0 |            0 |      0 |
| MMCM     |    1 |         8 |   0 |            0 |      0 |
| PLL      |    0 |         8 |   0 |            0 |      0 |
+----------+------+-----------+-----+--------------+--------+


2. Global Clock Resources
-------------------------

+-----------+-----------+-----------------+------------+----------------+--------------+-------------------+-------------+-----------------+--------------+--------------------------------------------------------------------------------------------+--------------------------------------------------------------------------------+-------------------------------------------------------------------------+
| Global Id | Source Id | Driver Type/Pin | Constraint | Site           | Clock Region | Load Clock Region | Clock Loads | Non-Clock Loads | Clock Period | Clock                                                                                      | Driver Pin                                                                     | Net                                                                     |
+-----------+-----------+-----------------+------------+----------------+--------------+-------------------+-------------+-----------------+--------------+--------------------------------------------------------------------------------------------+--------------------------------------------------------------------------------+-------------------------------------------------------------------------+
| g0        | src0      | BUFG/O          | None       | BUFGCTRL_X0Y16 | n/a          |                 3 |        1943 |               0 |       10.000 | clk_fpga_0                                                                                 | mitx_petalinux_i/processing_system7_0/inst/buffer_fclk_clk_0.FCLK_CLK_0_BUFG/O | mitx_petalinux_i/processing_system7_0/inst/FCLK_CLK0                    |
| g1        | src1      | BUFG/O          | None       | BUFGCTRL_X0Y18 | n/a          |                 2 |        1853 |               0 |       45.000 | clkfbout_mitx_petalinux_clk_wiz_0_1                                                        | mitx_petalinux_i/audio_pll/inst/clkf_buf/O                                     | mitx_petalinux_i/audio_pll/inst/clkfbout_buf_mitx_petalinux_clk_wiz_0_1 |
| g2        | src2      | BUFG/O          | None       | BUFGCTRL_X0Y1  | n/a          |                 1 |         435 |               0 |       33.000 | dbg_hub/inst/BSCANID.u_xsdbm_id/SWITCH_N_EXT_BSCAN.bscan_inst/SERIES7_BSCAN.bscan_inst/TCK | dbg_hub/inst/BSCANID.u_xsdbm_id/SWITCH_N_EXT_BSCAN.u_bufg_icon_tck/O           | dbg_hub/inst/BSCANID.u_xsdbm_id/itck_i                                  |
| g3        | src3      | BUFG/O          | None       | BUFGCTRL_X0Y0  | n/a          |                 4 |         160 |               2 |      325.521 | mitx_petalinux_i/i2s_block/atg_module_0/inst/clock_3_072                                   | mitx_petalinux_i/i2s_block/atg_module_0/inst/clock_3_072_BUFG_inst/O           | mitx_petalinux_i/i2s_block/atg_module_0/inst/clock_3_072_BUFG           |
| g4        | src1      | BUFG/O          | None       | BUFGCTRL_X0Y17 | n/a          |                 2 |           2 |               1 |       81.380 | clk_out1_mitx_petalinux_clk_wiz_0_1                                                        | mitx_petalinux_i/audio_pll/inst/clkout1_buf/O                                  | mitx_petalinux_i/audio_pll/inst/clk_out1                                |
+-----------+-----------+-----------------+------------+----------------+--------------+-------------------+-------------+-----------------+--------------+--------------------------------------------------------------------------------------------+--------------------------------------------------------------------------------+-------------------------------------------------------------------------+
* Clock Loads column represents the clock pin loads (pin count)
** Non-Clock Loads column represents the non-clock pin loads (pin count)


3. Global Clock Source Details
------------------------------

+-----------+-----------+---------------------+------------+-----------------+--------------+-------------+-----------------+---------------------+--------------------------------------------------------------------------------------------+--------------------------------------------------------------------------------------------+----------------------------------------------------------------------+
| Source Id | Global Id | Driver Type/Pin     | Constraint | Site            | Clock Region | Clock Loads | Non-Clock Loads | Source Clock Period | Source Clock                                                                               | Driver Pin                                                                                 | Net                                                                  |
+-----------+-----------+---------------------+------------+-----------------+--------------+-------------+-----------------+---------------------+--------------------------------------------------------------------------------------------+--------------------------------------------------------------------------------------------+----------------------------------------------------------------------+
| src0      | g0        | PS7/FCLKCLK[0]      | PS7_X0Y0   | PS7_X0Y0        | X0Y6         |           1 |               0 |              10.000 | clk_fpga_0                                                                                 | mitx_petalinux_i/processing_system7_0/inst/PS7_i/FCLKCLK[0]                                | mitx_petalinux_i/processing_system7_0/inst/FCLK_CLK_unbuffered[0]    |
| src1      | g4        | MMCME2_ADV/CLKOUT0  | None       | MMCME2_ADV_X1Y5 | X1Y5         |           1 |               0 |              81.380 | clk_out1_mitx_petalinux_clk_wiz_0_1                                                        | mitx_petalinux_i/audio_pll/inst/mmcm_adv_inst/CLKOUT0                                      | mitx_petalinux_i/audio_pll/inst/clk_out1_mitx_petalinux_clk_wiz_0_1  |
| src1      | g1        | MMCME2_ADV/CLKFBOUT | None       | MMCME2_ADV_X1Y5 | X1Y5         |           1 |               0 |              45.000 | clkfbout_mitx_petalinux_clk_wiz_0_1                                                        | mitx_petalinux_i/audio_pll/inst/mmcm_adv_inst/CLKFBOUT                                     | mitx_petalinux_i/audio_pll/inst/clkfbout_mitx_petalinux_clk_wiz_0_1  |
| src2      | g2        | BSCANE2/TCK         | None       | BSCAN_X0Y0      | X0Y5         |           1 |               0 |              33.000 | dbg_hub/inst/BSCANID.u_xsdbm_id/SWITCH_N_EXT_BSCAN.bscan_inst/SERIES7_BSCAN.bscan_inst/TCK | dbg_hub/inst/BSCANID.u_xsdbm_id/SWITCH_N_EXT_BSCAN.bscan_inst/SERIES7_BSCAN.bscan_inst/TCK | dbg_hub/inst/BSCANID.u_xsdbm_id/SWITCH_N_EXT_BSCAN.bscan_inst/tck_bs |
| src3      | g3        | FDCE/Q              | None       | SLICE_X104Y245  | X1Y4         |           1 |               0 |             325.521 | mitx_petalinux_i/i2s_block/atg_module_0/inst/clock_3_072                                   | mitx_petalinux_i/i2s_block/atg_module_0/inst/clock_3_072_reg/Q                             | mitx_petalinux_i/i2s_block/atg_module_0/inst/clock_3_072             |
+-----------+-----------+---------------------+------------+-----------------+--------------+-------------+-----------------+---------------------+--------------------------------------------------------------------------------------------+--------------------------------------------------------------------------------------------+----------------------------------------------------------------------+
* Clock Loads column represents the clock pin loads (pin count)
** Non-Clock Loads column represents the non-clock pin loads (pin count)


4. Clock Regions: Key Resource Utilization
------------------------------------------

+-------------------+--------------+--------------+--------------+--------------+--------------+--------------+--------------+--------------+--------------+--------------+--------------+--------------+--------------+--------------+--------------+
|                   | Global Clock |     BUFRs    |    BUFMRs    |    BUFIOs    |     MMCM     |      PLL     |      GT      |      PCI     |    ILOGIC    |    OLOGIC    |      FF      |     LUTM     |    RAMB18    |    RAMB36    |    DSP48E2   |
+-------------------+------+-------+------+-------+------+-------+------+-------+------+-------+------+-------+------+-------+------+-------+------+-------+------+-------+------+-------+------+-------+------+-------+------+-------+------+-------+
| Clock Region Name | Used | Avail | Used | Avail | Used | Avail | Used | Avail | Used | Avail | Used | Avail | Used | Avail | Used | Avail | Used | Avail | Used | Avail | Used | Avail | Used | Avail | Used | Avail | Used | Avail | Used | Avail |
+-------------------+------+-------+------+-------+------+-------+------+-------+------+-------+------+-------+------+-------+------+-------+------+-------+------+-------+------+-------+------+-------+------+-------+------+-------+------+-------+
| X0Y0              |    0 |    12 |    0 |     4 |    0 |     2 |    0 |     4 |    0 |     1 |    0 |     1 |    0 |     0 |    0 |     0 |    0 |    50 |    0 |    50 |    0 |  5200 |    0 |  2050 |    0 |   120 |    0 |    60 |    0 |   160 |
| X1Y0              |    0 |    12 |    0 |     0 |    0 |     0 |    0 |     0 |    0 |     0 |    0 |     0 |    0 |     4 |    0 |     0 |    0 |     0 |    0 |     0 |    0 |  5100 |    0 |  1950 |    0 |   100 |    0 |    50 |    0 |   140 |
| X0Y1              |    0 |    12 |    0 |     4 |    0 |     2 |    0 |     4 |    0 |     1 |    0 |     1 |    0 |     0 |    0 |     0 |    0 |    50 |    0 |    50 |    0 |  5200 |    0 |  2050 |    0 |   120 |    0 |    60 |    0 |   160 |
| X1Y1              |    0 |    12 |    0 |     0 |    0 |     0 |    0 |     0 |    0 |     0 |    0 |     0 |    0 |     4 |    0 |     0 |    0 |     0 |    0 |     0 |    0 |  5100 |    0 |  1950 |    0 |   100 |    0 |    50 |    0 |   140 |
| X0Y2              |    0 |    12 |    0 |     4 |    0 |     2 |    0 |     4 |    0 |     1 |    0 |     1 |    0 |     0 |    0 |     0 |    0 |    50 |    0 |    50 |    0 |  5200 |    0 |  2050 |    0 |   120 |    0 |    60 |    0 |   160 |
| X1Y2              |    0 |    12 |    0 |     0 |    0 |     0 |    0 |     0 |    0 |     0 |    0 |     0 |    0 |     4 |    0 |     0 |    0 |     0 |    0 |     0 |    0 |  5100 |    0 |  1950 |    0 |   100 |    0 |    50 |    0 |   140 |
| X0Y3              |    0 |    12 |    0 |     4 |    0 |     2 |    0 |     4 |    0 |     1 |    0 |     1 |    0 |     0 |    0 |     0 |    0 |    50 |    0 |    50 |    0 |  5200 |    0 |  2050 |    0 |   120 |    0 |    60 |    0 |   160 |
| X1Y3              |    0 |    12 |    0 |     0 |    0 |     0 |    0 |     0 |    0 |     0 |    0 |     0 |    0 |     4 |    0 |     1 |    0 |     0 |    0 |     0 |    0 |  4950 |    0 |  1900 |    0 |    90 |    0 |    45 |    0 |   140 |
| X0Y4              |    0 |    12 |    0 |     4 |    0 |     2 |    0 |     4 |    0 |     1 |    0 |     1 |    0 |     0 |    0 |     0 |    0 |    50 |    0 |    50 |    0 |  5200 |    0 |  2050 |    0 |   120 |    0 |    60 |    0 |   160 |
| X1Y4              |    2 |    12 |    0 |     4 |    0 |     2 |    0 |     4 |    0 |     1 |    0 |     1 |    0 |     0 |    0 |     0 |    0 |    50 |    0 |    50 |    2 |  5500 |    0 |  2050 |    0 |   120 |    0 |    60 |    0 |   140 |
| X0Y5              |    4 |    12 |    0 |     0 |    0 |     0 |    0 |     0 |    0 |     0 |    0 |     0 |    0 |     0 |    0 |     0 |    0 |     0 |    0 |     0 | 2576 |  3300 | 1241 |  1450 |    1 |    80 |    2 |    40 |    0 |   120 |
| X1Y5              |    3 |    12 |    0 |     4 |    0 |     2 |    0 |     4 |    1 |     1 |    0 |     1 |    0 |     0 |    0 |     0 |    0 |    50 |    0 |    50 |  842 |  5500 |  242 |  2050 |    0 |   120 |    0 |    60 |    0 |   140 |
| X0Y6              |    1 |    12 |    0 |     0 |    0 |     0 |    0 |     0 |    0 |     0 |    0 |     0 |    0 |     0 |    0 |     0 |    0 |     0 |    0 |     0 |  640 |  3300 |  306 |  1450 |    0 |    80 |    0 |    40 |    0 |   120 |
| X1Y6              |    2 |    12 |    0 |     4 |    0 |     2 |    0 |     4 |    0 |     1 |    0 |     1 |    0 |     0 |    0 |     0 |    0 |    50 |    2 |    50 |    2 |  5500 |    0 |  2050 |    0 |   120 |    0 |    60 |    0 |   140 |
+-------------------+------+-------+------+-------+------+-------+------+-------+------+-------+------+-------+------+-------+------+-------+------+-------+------+-------+------+-------+------+-------+------+-------+------+-------+------+-------+
* Global Clock column represents track count; while other columns represents cell counts


5. Clock Regions : Global Clock Summary
---------------------------------------

+----+----+----+
|    | X0 | X1 |
+----+----+----+
| Y6 |  1 |  2 |
| Y5 |  4 |  3 |
| Y4 |  0 |  2 |
| Y3 |  0 |  0 |
| Y2 |  0 |  0 |
| Y1 |  0 |  0 |
| Y0 |  0 |  0 |
+----+----+----+


6. Device Cell Placement Summary for Global Clock g0
----------------------------------------------------

+-----------+-----------------+-------------------+------------+-------------+---------------+-------------+----------+----------------+----------+------------------------------------------------------+
| Global Id | Driver Type/Pin | Driver Region (D) | Clock      | Period (ns) | Waveform (ns) | Slice Loads | IO Loads | Clocking Loads | GT Loads | Net                                                  |
+-----------+-----------------+-------------------+------------+-------------+---------------+-------------+----------+----------------+----------+------------------------------------------------------+
| g0        | BUFG/O          | n/a               | clk_fpga_0 |      10.000 | {0.000 5.000} |        1942 |        0 |              0 |        0 | mitx_petalinux_i/processing_system7_0/inst/FCLK_CLK0 |
+-----------+-----------------+-------------------+------------+-------------+---------------+-------------+----------+----------------+----------+------------------------------------------------------+
* Logic Loads column represents load cell count of all cell types other than IO, GT and clock resources
** IO Loads column represents load cell count of IO types
*** Clocking Loads column represents load cell count that are clock resources (global clock buffer, MMCM, PLL, etc)
**** GT Loads column represents load cell count of GT types


+----+-------+-----+
|    | X0    | X1  |
+----+-------+-----+
| Y6 |   694 |   0 |
| Y5 |  1162 |  86 |
| Y4 |     0 |   0 |
| Y3 |     0 |   0 |
| Y2 |     0 |   0 |
| Y1 |     0 |   0 |
| Y0 |     0 |   0 |
+----+-------+-----+


7. Device Cell Placement Summary for Global Clock g1
----------------------------------------------------

+-----------+-----------------+-------------------+-------------------------------------+-------------+----------------+-------------+----------+----------------+----------+-------------------------------------------------------------------------+
| Global Id | Driver Type/Pin | Driver Region (D) | Clock                               | Period (ns) | Waveform (ns)  | Slice Loads | IO Loads | Clocking Loads | GT Loads | Net                                                                     |
+-----------+-----------------+-------------------+-------------------------------------+-------------+----------------+-------------+----------+----------------+----------+-------------------------------------------------------------------------+
| g1        | BUFG/O          | n/a               | clkfbout_mitx_petalinux_clk_wiz_0_1 |      45.000 | {0.000 22.500} |        1770 |        0 |              1 |        0 | mitx_petalinux_i/audio_pll/inst/clkfbout_buf_mitx_petalinux_clk_wiz_0_1 |
+-----------+-----------------+-------------------+-------------------------------------+-------------+----------------+-------------+----------+----------------+----------+-------------------------------------------------------------------------+
* Logic Loads column represents load cell count of all cell types other than IO, GT and clock resources
** IO Loads column represents load cell count of IO types
*** Clocking Loads column represents load cell count that are clock resources (global clock buffer, MMCM, PLL, etc)
**** GT Loads column represents load cell count of GT types


+----+-------+------+
|    | X0    | X1   |
+----+-------+------+
| Y6 |     0 |    0 |
| Y5 |  1058 |  713 |
| Y4 |     0 |    0 |
| Y3 |     0 |    0 |
| Y2 |     0 |    0 |
| Y1 |     0 |    0 |
| Y0 |     0 |    0 |
+----+-------+------+


8. Device Cell Placement Summary for Global Clock g2
----------------------------------------------------

+-----------+-----------------+-------------------+--------------------------------------------------------------------------------------------+-------------+----------------+-------------+----------+----------------+----------+----------------------------------------+
| Global Id | Driver Type/Pin | Driver Region (D) | Clock                                                                                      | Period (ns) | Waveform (ns)  | Slice Loads | IO Loads | Clocking Loads | GT Loads | Net                                    |
+-----------+-----------------+-------------------+--------------------------------------------------------------------------------------------+-------------+----------------+-------------+----------+----------------+----------+----------------------------------------+
| g2        | BUFG/O          | n/a               | dbg_hub/inst/BSCANID.u_xsdbm_id/SWITCH_N_EXT_BSCAN.bscan_inst/SERIES7_BSCAN.bscan_inst/TCK |      33.000 | {0.000 16.500} |         432 |        0 |              0 |        0 | dbg_hub/inst/BSCANID.u_xsdbm_id/itck_i |
+-----------+-----------------+-------------------+--------------------------------------------------------------------------------------------+-------------+----------------+-------------+----------+----------------+----------+----------------------------------------+
* Logic Loads column represents load cell count of all cell types other than IO, GT and clock resources
** IO Loads column represents load cell count of IO types
*** Clocking Loads column represents load cell count that are clock resources (global clock buffer, MMCM, PLL, etc)
**** GT Loads column represents load cell count of GT types


+----+------+----+
|    | X0   | X1 |
+----+------+----+
| Y6 |    0 |  0 |
| Y5 |  432 |  0 |
| Y4 |    0 |  0 |
| Y3 |    0 |  0 |
| Y2 |    0 |  0 |
| Y1 |    0 |  0 |
| Y0 |    0 |  0 |
+----+------+----+


9. Device Cell Placement Summary for Global Clock g3
----------------------------------------------------

+-----------+-----------------+-------------------+----------------------------------------------------------+-------------+-----------------+-------------+----------+----------------+----------+---------------------------------------------------------------+
| Global Id | Driver Type/Pin | Driver Region (D) | Clock                                                    | Period (ns) | Waveform (ns)   | Slice Loads | IO Loads | Clocking Loads | GT Loads | Net                                                           |
+-----------+-----------------+-------------------+----------------------------------------------------------+-------------+-----------------+-------------+----------+----------------+----------+---------------------------------------------------------------+
| g3        | BUFG/O          | n/a               | mitx_petalinux_i/i2s_block/atg_module_0/inst/clock_3_072 |     325.521 | {0.000 162.761} |         161 |        1 |              0 |        0 | mitx_petalinux_i/i2s_block/atg_module_0/inst/clock_3_072_BUFG |
+-----------+-----------------+-------------------+----------------------------------------------------------+-------------+-----------------+-------------+----------+----------------+----------+---------------------------------------------------------------+
* Logic Loads column represents load cell count of all cell types other than IO, GT and clock resources
** IO Loads column represents load cell count of IO types
*** Clocking Loads column represents load cell count that are clock resources (global clock buffer, MMCM, PLL, etc)
**** GT Loads column represents load cell count of GT types


+----+-----+-----+
|    | X0  | X1  |
+----+-----+-----+
| Y6 |   0 |   3 |
| Y5 |  89 |  69 |
| Y4 |   0 |   1 |
| Y3 |   0 |   0 |
| Y2 |   0 |   0 |
| Y1 |   0 |   0 |
| Y0 |   0 |   0 |
+----+-----+-----+


10. Device Cell Placement Summary for Global Clock g4
-----------------------------------------------------

+-----------+-----------------+-------------------+-------------------------------------+-------------+----------------+-------------+----------+----------------+----------+------------------------------------------+
| Global Id | Driver Type/Pin | Driver Region (D) | Clock                               | Period (ns) | Waveform (ns)  | Slice Loads | IO Loads | Clocking Loads | GT Loads | Net                                      |
+-----------+-----------------+-------------------+-------------------------------------+-------------+----------------+-------------+----------+----------------+----------+------------------------------------------+
| g4        | BUFG/O          | n/a               | clk_out1_mitx_petalinux_clk_wiz_0_1 |      81.380 | {0.000 40.690} |           2 |        1 |              0 |        0 | mitx_petalinux_i/audio_pll/inst/clk_out1 |
+-----------+-----------------+-------------------+-------------------------------------+-------------+----------------+-------------+----------+----------------+----------+------------------------------------------+
* Logic Loads column represents load cell count of all cell types other than IO, GT and clock resources
** IO Loads column represents load cell count of IO types
*** Clocking Loads column represents load cell count that are clock resources (global clock buffer, MMCM, PLL, etc)
**** GT Loads column represents load cell count of GT types


+----+----+----+
|    | X0 | X1 |
+----+----+----+
| Y6 |  0 |  1 |
| Y5 |  0 |  0 |
| Y4 |  0 |  2 |
| Y3 |  0 |  0 |
| Y2 |  0 |  0 |
| Y1 |  0 |  0 |
| Y0 |  0 |  0 |
+----+----+----+


11. Clock Region Cell Placement per Global Clock: Region X1Y4
-------------------------------------------------------------

+-----------+-------+-----------------+------------+-------------+-----------------+----+--------+------+-----+----+------+-----+---------+---------------------------------------------------------------+
| Global Id | Track | Driver Type/Pin | Constraint | Clock Loads | Non-Clock Loads | FF | LUTRAM | RAMB | DSP | GT | MMCM | PLL | Hard IP | Net                                                           |
+-----------+-------+-----------------+------------+-------------+-----------------+----+--------+------+-----+----+------+-----+---------+---------------------------------------------------------------+
| g3        | n/a   | BUFG/O          | None       |           0 |               1 |  0 |      0 |    0 |   0 |  0 |    0 |   0 |       0 | mitx_petalinux_i/i2s_block/atg_module_0/inst/clock_3_072_BUFG |
| g4        | n/a   | BUFG/O          | None       |           2 |               0 |  2 |      0 |    0 |   0 |  0 |    0 |   0 |       0 | mitx_petalinux_i/audio_pll/inst/clk_out1                      |
+-----------+-------+-----------------+------------+-------------+-----------------+----+--------+------+-----+----+------+-----+---------+---------------------------------------------------------------+
* Clock Loads column represents the clock pin loads (pin count)
** Non-Clock Loads column represents the non-clock pin loads (pin count)
*** Columns FF, LUTRAM, RAMB through 'Hard IP' represents load cell counts


12. Clock Region Cell Placement per Global Clock: Region X0Y5
-------------------------------------------------------------

+-----------+-------+-----------------+------------+-------------+-----------------+------+--------+------+-----+----+------+-----+---------+-------------------------------------------------------------------------+
| Global Id | Track | Driver Type/Pin | Constraint | Clock Loads | Non-Clock Loads | FF   | LUTRAM | RAMB | DSP | GT | MMCM | PLL | Hard IP | Net                                                                     |
+-----------+-------+-----------------+------------+-------------+-----------------+------+--------+------+-----+----+------+-----+---------+-------------------------------------------------------------------------+
| g0        | n/a   | BUFG/O          | None       |        1162 |               0 | 1083 |     78 |    0 |   0 |  0 |    0 |   0 |       0 | mitx_petalinux_i/processing_system7_0/inst/FCLK_CLK0                    |
| g1        | n/a   | BUFG/O          | None       |        1058 |               0 |  973 |     82 |    3 |   0 |  0 |    0 |   0 |       0 | mitx_petalinux_i/audio_pll/inst/clkfbout_buf_mitx_petalinux_clk_wiz_0_1 |
| g2        | n/a   | BUFG/O          | None       |         432 |               0 |  432 |      0 |    0 |   0 |  0 |    0 |   0 |       0 | dbg_hub/inst/BSCANID.u_xsdbm_id/itck_i                                  |
| g3        | n/a   | BUFG/O          | None       |          89 |               0 |   88 |      0 |    0 |   0 |  0 |    0 |   0 |       0 | mitx_petalinux_i/i2s_block/atg_module_0/inst/clock_3_072_BUFG           |
+-----------+-------+-----------------+------------+-------------+-----------------+------+--------+------+-----+----+------+-----+---------+-------------------------------------------------------------------------+
* Clock Loads column represents the clock pin loads (pin count)
** Non-Clock Loads column represents the non-clock pin loads (pin count)
*** Columns FF, LUTRAM, RAMB through 'Hard IP' represents load cell counts


13. Clock Region Cell Placement per Global Clock: Region X1Y5
-------------------------------------------------------------

+-----------+-------+-----------------+------------+-------------+-----------------+-----+--------+------+-----+----+------+-----+---------+-------------------------------------------------------------------------+
| Global Id | Track | Driver Type/Pin | Constraint | Clock Loads | Non-Clock Loads | FF  | LUTRAM | RAMB | DSP | GT | MMCM | PLL | Hard IP | Net                                                                     |
+-----------+-------+-----------------+------------+-------------+-----------------+-----+--------+------+-----+----+------+-----+---------+-------------------------------------------------------------------------+
| g0        | n/a   | BUFG/O          | None       |          86 |               0 |  86 |      0 |    0 |   0 |  0 |    0 |   0 |       0 | mitx_petalinux_i/processing_system7_0/inst/FCLK_CLK0                    |
| g1        | n/a   | BUFG/O          | None       |         713 |               0 | 687 |     25 |    0 |   0 |  0 |    1 |   0 |       0 | mitx_petalinux_i/audio_pll/inst/clkfbout_buf_mitx_petalinux_clk_wiz_0_1 |
| g3        | n/a   | BUFG/O          | None       |          69 |               0 |  69 |      0 |    0 |   0 |  0 |    0 |   0 |       0 | mitx_petalinux_i/i2s_block/atg_module_0/inst/clock_3_072_BUFG           |
+-----------+-------+-----------------+------------+-------------+-----------------+-----+--------+------+-----+----+------+-----+---------+-------------------------------------------------------------------------+
* Clock Loads column represents the clock pin loads (pin count)
** Non-Clock Loads column represents the non-clock pin loads (pin count)
*** Columns FF, LUTRAM, RAMB through 'Hard IP' represents load cell counts


14. Clock Region Cell Placement per Global Clock: Region X0Y6
-------------------------------------------------------------

+-----------+-------+-----------------+------------+-------------+-----------------+-----+--------+------+-----+----+------+-----+---------+------------------------------------------------------+
| Global Id | Track | Driver Type/Pin | Constraint | Clock Loads | Non-Clock Loads | FF  | LUTRAM | RAMB | DSP | GT | MMCM | PLL | Hard IP | Net                                                  |
+-----------+-------+-----------------+------------+-------------+-----------------+-----+--------+------+-----+----+------+-----+---------+------------------------------------------------------+
| g0        | n/a   | BUFG/O          | None       |         694 |               0 | 640 |     53 |    0 |   0 |  0 |    0 |   0 |       0 | mitx_petalinux_i/processing_system7_0/inst/FCLK_CLK0 |
+-----------+-------+-----------------+------------+-------------+-----------------+-----+--------+------+-----+----+------+-----+---------+------------------------------------------------------+
* Clock Loads column represents the clock pin loads (pin count)
** Non-Clock Loads column represents the non-clock pin loads (pin count)
*** Columns FF, LUTRAM, RAMB through 'Hard IP' represents load cell counts


15. Clock Region Cell Placement per Global Clock: Region X1Y6
-------------------------------------------------------------

+-----------+-------+-----------------+------------+-------------+-----------------+----+--------+------+-----+----+------+-----+---------+---------------------------------------------------------------+
| Global Id | Track | Driver Type/Pin | Constraint | Clock Loads | Non-Clock Loads | FF | LUTRAM | RAMB | DSP | GT | MMCM | PLL | Hard IP | Net                                                           |
+-----------+-------+-----------------+------------+-------------+-----------------+----+--------+------+-----+----+------+-----+---------+---------------------------------------------------------------+
| g3        | n/a   | BUFG/O          | None       |           2 |               1 |  2 |      0 |    0 |   0 |  0 |    0 |   0 |       0 | mitx_petalinux_i/i2s_block/atg_module_0/inst/clock_3_072_BUFG |
| g4        | n/a   | BUFG/O          | None       |           0 |               1 |  0 |      0 |    0 |   0 |  0 |    0 |   0 |       0 | mitx_petalinux_i/audio_pll/inst/clk_out1                      |
+-----------+-------+-----------------+------------+-------------+-----------------+----+--------+------+-----+----+------+-----+---------+---------------------------------------------------------------+
* Clock Loads column represents the clock pin loads (pin count)
** Non-Clock Loads column represents the non-clock pin loads (pin count)
*** Columns FF, LUTRAM, RAMB through 'Hard IP' represents load cell counts



# Location of BUFG Primitives 
set_property LOC BUFGCTRL_X0Y16 [get_cells mitx_petalinux_i/processing_system7_0/inst/buffer_fclk_clk_0.FCLK_CLK_0_BUFG]
set_property LOC BUFGCTRL_X0Y0 [get_cells mitx_petalinux_i/i2s_block/atg_module_0/inst/clock_3_072_BUFG_inst]
set_property LOC BUFGCTRL_X0Y18 [get_cells mitx_petalinux_i/audio_pll/inst/clkf_buf]
set_property LOC BUFGCTRL_X0Y17 [get_cells mitx_petalinux_i/audio_pll/inst/clkout1_buf]
set_property LOC BUFGCTRL_X0Y1 [get_cells dbg_hub/inst/BSCANID.u_xsdbm_id/SWITCH_N_EXT_BSCAN.u_bufg_icon_tck]

# Location of IO Primitives which is load of clock spine
set_property LOC IOB_X1Y314 [get_cells i2s_sck_ext_OBUF_inst]
set_property LOC IOB_X1Y312 [get_cells i2s_mclk_ext_OBUF_inst]

# Location of clock ports
set_property LOC IOB_X1Y273 [get_ports pl_clk_n]
set_property LOC IOB_X1Y274 [get_ports pl_clk_p]

# Clock net "mitx_petalinux_i/processing_system7_0/inst/FCLK_CLK0" driven by instance "mitx_petalinux_i/processing_system7_0/inst/buffer_fclk_clk_0.FCLK_CLK_0_BUFG" located at site "BUFGCTRL_X0Y16"
#startgroup
create_pblock {CLKAG_mitx_petalinux_i/processing_system7_0/inst/FCLK_CLK0}
add_cells_to_pblock [get_pblocks  {CLKAG_mitx_petalinux_i/processing_system7_0/inst/FCLK_CLK0}] [get_cells -filter { PRIMITIVE_GROUP != I/O && IS_PRIMITIVE==1 && PRIMITIVE_LEVEL !=INTERNAL } -of_object [get_pins -filter {DIRECTION==IN} -of_objects [get_nets -hierarchical -filter {PARENT=="mitx_petalinux_i/processing_system7_0/inst/FCLK_CLK0"}]]]
resize_pblock [get_pblocks {CLKAG_mitx_petalinux_i/processing_system7_0/inst/FCLK_CLK0}] -add {CLOCKREGION_X0Y5:CLOCKREGION_X0Y5 CLOCKREGION_X0Y6:CLOCKREGION_X0Y6 CLOCKREGION_X1Y5:CLOCKREGION_X1Y5}
#endgroup

# Clock net "mitx_petalinux_i/i2s_block/atg_module_0/inst/clock_3_072_BUFG" driven by instance "mitx_petalinux_i/i2s_block/atg_module_0/inst/clock_3_072_BUFG_inst" located at site "BUFGCTRL_X0Y0"
#startgroup
create_pblock {CLKAG_mitx_petalinux_i/i2s_block/atg_module_0/inst/clock_3_072_BUFG}
add_cells_to_pblock [get_pblocks  {CLKAG_mitx_petalinux_i/i2s_block/atg_module_0/inst/clock_3_072_BUFG}] [get_cells -filter { PRIMITIVE_GROUP != I/O && IS_PRIMITIVE==1 && PRIMITIVE_LEVEL !=INTERNAL && NAME!=i2s_sck_ext_OBUF_inst} -of_object [get_pins -filter {DIRECTION==IN} -of_objects [get_nets -hierarchical -filter {PARENT=="mitx_petalinux_i/i2s_block/atg_module_0/inst/clock_3_072_BUFG"}]]]
resize_pblock [get_pblocks {CLKAG_mitx_petalinux_i/i2s_block/atg_module_0/inst/clock_3_072_BUFG}] -add {CLOCKREGION_X0Y5:CLOCKREGION_X0Y5 CLOCKREGION_X1Y4:CLOCKREGION_X1Y4 CLOCKREGION_X1Y5:CLOCKREGION_X1Y5 CLOCKREGION_X1Y6:CLOCKREGION_X1Y6}
#endgroup

# Clock net "mitx_petalinux_i/audio_pll/inst/clkfbout_buf_mitx_petalinux_clk_wiz_0_1" driven by instance "mitx_petalinux_i/audio_pll/inst/clkf_buf" located at site "BUFGCTRL_X0Y18"
#startgroup
create_pblock {CLKAG_mitx_petalinux_i/audio_pll/inst/clkfbout_buf_mitx_petalinux_clk_wiz_0_1}
add_cells_to_pblock [get_pblocks  {CLKAG_mitx_petalinux_i/audio_pll/inst/clkfbout_buf_mitx_petalinux_clk_wiz_0_1}] [get_cells -filter { PRIMITIVE_GROUP != I/O && IS_PRIMITIVE==1 && PRIMITIVE_LEVEL !=INTERNAL && NAME!=mitx_petalinux_i/audio_pll/inst/mmcm_adv_inst} -of_object [get_pins -filter {DIRECTION==IN} -of_objects [get_nets -hierarchical -filter {PARENT=="mitx_petalinux_i/audio_pll/inst/clkfbout_buf_mitx_petalinux_clk_wiz_0_1"}]]]
resize_pblock [get_pblocks {CLKAG_mitx_petalinux_i/audio_pll/inst/clkfbout_buf_mitx_petalinux_clk_wiz_0_1}] -add {CLOCKREGION_X0Y5:CLOCKREGION_X0Y5 CLOCKREGION_X1Y5:CLOCKREGION_X1Y5}
#endgroup

# Clock net "mitx_petalinux_i/audio_pll/inst/clk_out1" driven by instance "mitx_petalinux_i/audio_pll/inst/clkout1_buf" located at site "BUFGCTRL_X0Y17"
#startgroup
create_pblock {CLKAG_mitx_petalinux_i/audio_pll/inst/clk_out1}
add_cells_to_pblock [get_pblocks  {CLKAG_mitx_petalinux_i/audio_pll/inst/clk_out1}] [get_cells -filter { PRIMITIVE_GROUP != I/O && IS_PRIMITIVE==1 && PRIMITIVE_LEVEL !=INTERNAL && NAME!=i2s_mclk_ext_OBUF_inst} -of_object [get_pins -filter {DIRECTION==IN} -of_objects [get_nets -hierarchical -filter {PARENT=="mitx_petalinux_i/audio_pll/inst/clk_out1"}]]]
resize_pblock [get_pblocks {CLKAG_mitx_petalinux_i/audio_pll/inst/clk_out1}] -add {CLOCKREGION_X1Y4:CLOCKREGION_X1Y4}
#endgroup

# Clock net "dbg_hub/inst/BSCANID.u_xsdbm_id/itck_i" driven by instance "dbg_hub/inst/BSCANID.u_xsdbm_id/SWITCH_N_EXT_BSCAN.u_bufg_icon_tck" located at site "BUFGCTRL_X0Y1"
#startgroup
create_pblock {CLKAG_dbg_hub/inst/BSCANID.u_xsdbm_id/itck_i}
add_cells_to_pblock [get_pblocks  {CLKAG_dbg_hub/inst/BSCANID.u_xsdbm_id/itck_i}] [get_cells -filter { PRIMITIVE_GROUP != I/O && IS_PRIMITIVE==1 && PRIMITIVE_LEVEL !=INTERNAL } -of_object [get_pins -filter {DIRECTION==IN} -of_objects [get_nets -hierarchical -filter {PARENT=="dbg_hub/inst/BSCANID.u_xsdbm_id/itck_i"}]]]
resize_pblock [get_pblocks {CLKAG_dbg_hub/inst/BSCANID.u_xsdbm_id/itck_i}] -add {CLOCKREGION_X0Y5:CLOCKREGION_X0Y5}
#endgroup
