Copyright 1986-2016 Xilinx, Inc. All Rights Reserved.
---------------------------------------------------------------------------------------------------------
| Tool Version      : Vivado v.2016.2 (lin64) Build 1577090 Thu Jun  2 16:32:35 MDT 2016
| Date              : Thu Mar 28 09:32:30 2019
| Host              : 924a1611251c running 64-bit Ubuntu 16.04.6 LTS
| Command           : report_clock_utilization -file mitx_petalinux_wrapper_clock_utilization_routed.rpt
| Design            : mitx_petalinux_wrapper
| Device            : 7z100-ffg900
| Speed File        : -1  PRODUCTION 1.11 2014-09-11
| Temperature Grade : C
---------------------------------------------------------------------------------------------------------

Clock Utilization Report

Table of Contents
-----------------
1. Clock Primitive Utilization
2. Global Clock Resources
3. Global Clock Source Details
4. Local Clock Details
5. Clock Regions: Key Resource Utilization
6. Clock Regions : Global Clock Summary
7. Cell Type Counts per Global Clock: Region X0Y5
8. Cell Type Counts per Global Clock: Region X0Y6
9. Load Cell Placement Summary for Global Clock g0

1. Clock Primitive Utilization
------------------------------

+----------+------+-----------+-----+--------------+--------+
| Type     | Used | Available | LOC | Clock Region | Pblock |
+----------+------+-----------+-----+--------------+--------+
| BUFGCTRL |    1 |        32 |   0 |            0 |      0 |
| BUFH     |    0 |       168 |   0 |            0 |      0 |
| BUFIO    |    0 |        32 |   0 |            0 |      0 |
| BUFMR    |    0 |        16 |   0 |            0 |      0 |
| BUFR     |    0 |        32 |   0 |            0 |      0 |
| MMCM     |    0 |         8 |   0 |            0 |      0 |
| PLL      |    0 |         8 |   0 |            0 |      0 |
+----------+------+-----------+-----+--------------+--------+


2. Global Clock Resources
-------------------------

+-------+-------+-----------------+------------+----------------+--------------+------+-------------------+---------------+-------------+-----------------+--------------+------------+--------------------------------------------------------------------------------+------------------------------------------------------+
| GlbID | SrcId | Driver Type/Pin | Constraint | Site           | Clock Region | Root | Clock Delay Group | Clock Regions | Clock Loads | Non-Clock Loads | Clock Period | Clock      | Driver Pin                                                                     | Net                                                  |
+-------+-------+-----------------+------------+----------------+--------------+------+-------------------+---------------+-------------+-----------------+--------------+------------+--------------------------------------------------------------------------------+------------------------------------------------------+
| g0    | src0  | BUFG/O          | None       | BUFGCTRL_X0Y16 | n/a          |      |                   |             2 |        1629 |               0 |       20.000 | clk_fpga_0 | mitx_petalinux_i/processing_system7_0/inst/buffer_fclk_clk_0.FCLK_CLK_0_BUFG/O | mitx_petalinux_i/processing_system7_0/inst/FCLK_CLK0 |
+-------+-------+-----------------+------------+----------------+--------------+------+-------------------+---------------+-------------+-----------------+--------------+------------+--------------------------------------------------------------------------------+------------------------------------------------------+
* Note: Multiple constraint types applied to the driver. Please check for potential conflicts.


3. Global Clock Source Details
------------------------------

+-------+--------+-----------------+------------+----------+--------------+-------------+-----------------+---------------------+--------------+-------------------------------------------------------------+-------------------------------------------------------------------+
| SrcID | GlbIDs | Driver Type/Pin | Constraint | Site     | Clock Region | Clock Loads | Non-Clock Loads | Source Clock Period | Source Clock | Driver Pin                                                  | Net                                                               |
+-------+--------+-----------------+------------+----------+--------------+-------------+-----------------+---------------------+--------------+-------------------------------------------------------------+-------------------------------------------------------------------+
| src0  | g0     | PS7/FCLKCLK[0]  | PS7_X0Y0   | PS7_X0Y0 | X0Y6         |           0 |               1 |              20.000 | clk_fpga_0   | mitx_petalinux_i/processing_system7_0/inst/PS7_i/FCLKCLK[0] | mitx_petalinux_i/processing_system7_0/inst/FCLK_CLK_unbuffered[0] |
+-------+--------+-----------------+------------+----------+--------------+-------------+-----------------+---------------------+--------------+-------------------------------------------------------------+-------------------------------------------------------------------+
* Note: Multiple constraint types applied to the driver. Please check for potential conflicts.


4. Local Clock Details
----------------------

+-------+-----------------+------------+----------+--------------+-------------+-----------------+--------------+-------+------------+-----+
| LocId | Driver Type/Pin | Constraint | Site/BEL | Clock Region | Clock Loads | Non-Clock Loads | Clock Period | Clock | Driver Pin | Net |
+-------+-----------------+------------+----------+--------------+-------------+-----------------+--------------+-------+------------+-----+
* Note: Multiple constraint types applied to the driver. Please check for potential conflicts.


5. Clock Regions: Key Resource Utilization
------------------------------------------

+-------------------+--------------+--------------+--------------+--------------+--------------+--------------+--------------+--------------+--------------+--------------+--------------+--------------+--------------+--------------+--------------+
|                   | Global Clock |     BUFRs    |    BUFMRs    |    BUFIOs    |     MMCM     |      PLL     |      GT      |      PCI     |    ILOGIC    |    OLOGIC    |      FF      |     LUTM     |    RAMB18    |    RAMB36    |    DSP48E2   |
+-------------------+------+-------+------+-------+------+-------+------+-------+------+-------+------+-------+------+-------+------+-------+------+-------+------+-------+------+-------+------+-------+------+-------+------+-------+------+-------+
| Clock Region Name | Used | Avail | Used | Avail | Used | Avail | Used | Avail | Used | Avail | Used | Avail | Used | Avail | Used | Avail | Used | Avail | Used | Avail | Used | Avail | Used | Avail | Used | Avail | Used | Avail | Used | Avail |
+-------------------+------+-------+------+-------+------+-------+------+-------+------+-------+------+-------+------+-------+------+-------+------+-------+------+-------+------+-------+------+-------+------+-------+------+-------+------+-------+
| X0Y0              |    0 |    12 |    0 |     4 |    0 |     2 |    0 |     4 |    0 |     1 |    0 |     1 |    0 |     0 |    0 |     0 |    0 |    50 |    0 |    50 |    0 | 41600 |    0 |  8200 |    0 |     0 |    0 |    60 |    0 |   160 |
| X1Y0              |    0 |    12 |    0 |     0 |    0 |     0 |    0 |     0 |    0 |     0 |    0 |     0 |    0 |     5 |    0 |     0 |    0 |     0 |    0 |     0 |    0 | 40800 |    0 |  7800 |    0 |     0 |    0 |    50 |    0 |   140 |
| X0Y1              |    0 |    12 |    0 |     4 |    0 |     2 |    0 |     4 |    0 |     1 |    0 |     1 |    0 |     0 |    0 |     0 |    0 |    50 |    0 |    50 |    0 | 41600 |    0 |  8200 |    0 |     0 |    0 |    60 |    0 |   160 |
| X1Y1              |    0 |    12 |    0 |     0 |    0 |     0 |    0 |     0 |    0 |     0 |    0 |     0 |    0 |     5 |    0 |     0 |    0 |     0 |    0 |     0 |    0 | 40800 |    0 |  7800 |    0 |     0 |    0 |    50 |    0 |   140 |
| X0Y2              |    0 |    12 |    0 |     4 |    0 |     2 |    0 |     4 |    0 |     1 |    0 |     1 |    0 |     0 |    0 |     0 |    0 |    50 |    0 |    50 |    0 | 41600 |    0 |  8200 |    0 |     0 |    0 |    60 |    0 |   160 |
| X1Y2              |    0 |    12 |    0 |     0 |    0 |     0 |    0 |     0 |    0 |     0 |    0 |     0 |    0 |     5 |    0 |     0 |    0 |     0 |    0 |     0 |    0 | 40800 |    0 |  7800 |    0 |     0 |    0 |    50 |    0 |   140 |
| X0Y3              |    0 |    12 |    0 |     4 |    0 |     2 |    0 |     4 |    0 |     1 |    0 |     1 |    0 |     0 |    0 |     0 |    0 |    50 |    0 |    50 |    0 | 41600 |    0 |  8200 |    0 |     0 |    0 |    60 |    0 |   160 |
| X1Y3              |    0 |    12 |    0 |     0 |    0 |     0 |    0 |     0 |    0 |     0 |    0 |     0 |    0 |     5 |    0 |     0 |    0 |     0 |    0 |     0 |    0 | 39600 |    0 |  7600 |    0 |     0 |    0 |    45 |    0 |   140 |
| X0Y4              |    0 |    12 |    0 |     4 |    0 |     2 |    0 |     4 |    0 |     1 |    0 |     1 |    0 |     0 |    0 |     0 |    0 |    50 |    0 |    50 |    0 | 41600 |    0 |  8200 |    0 |     0 |    0 |    60 |    0 |   160 |
| X1Y4              |    0 |    12 |    0 |     4 |    0 |     2 |    0 |     4 |    0 |     1 |    0 |     1 |    0 |     0 |    0 |     0 |    0 |    50 |    0 |    50 |    0 | 44000 |    0 |  8200 |    0 |     0 |    0 |    60 |    0 |   140 |
| X0Y5              |    1 |    12 |    0 |     0 |    0 |     0 |    0 |     0 |    0 |     0 |    0 |     0 |    0 |     0 |    0 |     0 |    0 |     0 |    0 |     0 |  539 | 26400 |   29 |  5800 |    0 |     0 |    0 |    40 |    0 |   120 |
| X1Y5              |    0 |    12 |    0 |     4 |    0 |     2 |    0 |     4 |    0 |     1 |    0 |     1 |    0 |     0 |    0 |     0 |    0 |    50 |    0 |    50 |    0 | 44000 |    0 |  8200 |    0 |     0 |    0 |    60 |    0 |   140 |
| X0Y6              |    1 |    12 |    0 |     0 |    0 |     0 |    0 |     0 |    0 |     0 |    0 |     0 |    0 |     0 |    0 |     0 |    0 |     0 |    0 |     0 |  536 | 26400 |   30 |  5800 |    0 |     0 |    0 |    40 |    0 |   120 |
| X1Y6              |    0 |    12 |    0 |     4 |    0 |     2 |    0 |     4 |    0 |     1 |    0 |     1 |    0 |     0 |    0 |     0 |    0 |    50 |    0 |    50 |    0 | 44000 |    0 |  8200 |    0 |     0 |    0 |    60 |    0 |   140 |
+-------------------+------+-------+------+-------+------+-------+------+-------+------+-------+------+-------+------+-------+------+-------+------+-------+------+-------+------+-------+------+-------+------+-------+------+-------+------+-------+
* Used Global Clocks includes only global clock resources based on load placement but does not consider global clock resources used to traverse a clock region. Therefore the actual total of Used Global Clocks may be higher.
** RAMB36 site can be used as two RAMB18/FIFO18 sites.


6. Clock Regions : Global Clock Summary
---------------------------------------

+----+----+----+
|    | X0 | X1 |
+----+----+----+
| Y6 |  1 |  0 |
| Y5 |  1 |  0 |
| Y4 |  0 |  0 |
| Y3 |  0 |  0 |
| Y2 |  0 |  0 |
| Y1 |  0 |  0 |
| Y0 |  0 |  0 |
+----+----+----+
* Used Global Clocks includes only global clock resources based on load placement but does not consider global clock resources used to traverse a clock region. Therefore the actual total of Used Global Clocks may be higher.


7. Cell Type Counts per Global Clock: Region X0Y5
-------------------------------------------------

+-------+-------+-----------------+------------+-------------+-----------------+-----+--------+------+-----+----+------+-----+---------+------------------------------------------------------+
| GlbID | Track | Driver Type/Pin | Constraint | Clock Loads | Non-Clock Loads | FF  | LUTRAM | RAMB | DSP | GT | MMCM | PLL | Hard IP | Net                                                  |
+-------+-------+-----------------+------------+-------------+-----------------+-----+--------+------+-----+----+------+-----+---------+------------------------------------------------------+
| g0    | n/a   | BUFG/O          | None       |           0 |             539 | 539 |     29 |    0 |   0 |  0 |    0 |   0 |       0 | mitx_petalinux_i/processing_system7_0/inst/FCLK_CLK0 |
+-------+-------+-----------------+------------+-------------+-----------------+-----+--------+------+-----+----+------+-----+---------+------------------------------------------------------+
* Note: Multiple constraint types applied to the driver. Please check for potential conflicts.


8. Cell Type Counts per Global Clock: Region X0Y6
-------------------------------------------------

+-------+-------+-----------------+------------+-------------+-----------------+-----+--------+------+-----+----+------+-----+---------+------------------------------------------------------+
| GlbID | Track | Driver Type/Pin | Constraint | Clock Loads | Non-Clock Loads | FF  | LUTRAM | RAMB | DSP | GT | MMCM | PLL | Hard IP | Net                                                  |
+-------+-------+-----------------+------------+-------------+-----------------+-----+--------+------+-----+----+------+-----+---------+------------------------------------------------------+
| g0    | n/a   | BUFG/O          | None       |           0 |             537 | 536 |     30 |    0 |   0 |  0 |    0 |   0 |       0 | mitx_petalinux_i/processing_system7_0/inst/FCLK_CLK0 |
+-------+-------+-----------------+------------+-------------+-----------------+-----+--------+------+-----+----+------+-----+---------+------------------------------------------------------+
* Note: Multiple constraint types applied to the driver. Please check for potential conflicts.


9. Load Cell Placement Summary for Global Clock g0
--------------------------------------------------

+-------+-----------------+-------------------+------------+-------------+----------------+----------+-------------+----------+-------------+----+------------------------------------------------------+
| GlbID | Driver Type/Pin | Driver Region (D) | Clock      | Period (ns) | Waveform (ns)  | Root (R) | Slice Loads | IO Loads | Clock Loads | GT | Net                                                  |
+-------+-----------------+-------------------+------------+-------------+----------------+----------+-------------+----------+-------------+----+------------------------------------------------------+
| g0    | BUFG/O          | n/a               | clk_fpga_0 |      20.000 | {0.000 10.000} |          |        1076 |        0 |           0 |  0 | mitx_petalinux_i/processing_system7_0/inst/FCLK_CLK0 |
+-------+-----------------+-------------------+------------+-------------+----------------+----------+-------------+----------+-------------+----+------------------------------------------------------+


+----+------+----+
|    | X0   | X1 |
+----+------+----+
| Y6 |  537 |  0 |
| Y5 |  539 |  0 |
| Y4 |    0 |  0 |
| Y3 |    0 |  0 |
| Y2 |    0 |  0 |
| Y1 |    0 |  0 |
| Y0 |    0 |  0 |
+----+------+----+



# Location of BUFG Primitives 
set_property LOC BUFGCTRL_X0Y16 [get_cells mitx_petalinux_i/processing_system7_0/inst/buffer_fclk_clk_0.FCLK_CLK_0_BUFG]

# Location of IO Primitives which is load of clock spine

# Location of clock ports

# Clock net "mitx_petalinux_i/processing_system7_0/inst/FCLK_CLK0" driven by instance "mitx_petalinux_i/processing_system7_0/inst/buffer_fclk_clk_0.FCLK_CLK_0_BUFG" located at site "BUFGCTRL_X0Y16"
#startgroup
create_pblock {CLKAG_mitx_petalinux_i/processing_system7_0/inst/FCLK_CLK0}
add_cells_to_pblock [get_pblocks  {CLKAG_mitx_petalinux_i/processing_system7_0/inst/FCLK_CLK0}] [get_cells -filter { PRIMITIVE_GROUP != I/O && IS_PRIMITIVE==1 && PRIMITIVE_LEVEL !=INTERNAL } -of_object [get_pins -filter {DIRECTION==IN} -of_objects [get_nets -hierarchical -filter {PARENT=="mitx_petalinux_i/processing_system7_0/inst/FCLK_CLK0"}]]]
resize_pblock [get_pblocks {CLKAG_mitx_petalinux_i/processing_system7_0/inst/FCLK_CLK0}] -add {CLOCKREGION_X0Y5:CLOCKREGION_X0Y5 CLOCKREGION_X0Y6:CLOCKREGION_X0Y6}
#endgroup
